This is pdfTeX, Version 3.14159265-2.6-1.40.16 (TeX Live 2015) (preloaded format=latex 2016.4.20)  2 APR 2018 12:40
entering extended mode
 restricted \write18 enabled.
 %&-line parsing enabled.
**proj3.tex
(./proj3.tex
LaTeX2e <2016/03/31>
Babel <3.9q> and hyphenation patterns for 81 language(s) loaded.
(/usr/local/share/texlive/texmf-dist/tex/latex/base/article.cls
Document Class: article 2014/09/29 v1.4h Standard LaTeX document class
(/usr/local/share/texlive/texmf-dist/tex/latex/base/size11.clo
File: size11.clo 2014/09/29 v1.4h Standard LaTeX file (size option)
)
\c@part=\count79
\c@section=\count80
\c@subsection=\count81
\c@subsubsection=\count82
\c@paragraph=\count83
\c@subparagraph=\count84
\c@figure=\count85
\c@table=\count86
\abovecaptionskip=\skip41
\belowcaptionskip=\skip42
\bibindent=\dimen102
)
(/usr/local/share/texlive/texmf-dist/tex/generic/babel/babel.sty
Package: babel 2016/02/24 3.9q The Babel package

(/usr/local/share/texlive/texmf-dist/tex/generic/babel-czech/czech.ldf
Language: czech 2008/07/06 v3.1a Czech support from the babel system

(/usr/local/share/texlive/texmf-dist/tex/generic/babel/babel.def
File: babel.def 2016/02/24 3.9q Babel common definitions
\babel@savecnt=\count87
\U@D=\dimen103
)
Package babel Info: Making " an active character on input line 172.
\cs@wordlen=\count88
Package babel Info: Making - an active character on input line 226.
))
(/usr/local/share/texlive/texmf-dist/tex/latex/base/inputenc.sty
Package: inputenc 2015/03/17 v1.2c Input encoding file
\inpenc@prehook=\toks14
\inpenc@posthook=\toks15

(/usr/local/share/texlive/texmf-dist/tex/latex/ucs/utf8x.def
File: utf8x.def 2004/10/17 UCS: Input encoding UTF-8
))
(/usr/local/share/texlive/texmf-dist/tex/latex/ucs/ucs.sty
Package: ucs 2013/05/11 v2.2 UCS: Unicode input support

(/usr/local/share/texlive/texmf-dist/tex/latex/ucs/data/uni-global.def
File: uni-global.def 2013/05/13 UCS: Unicode global data
)
\uc@secondtry=\count89
\uc@combtoks=\toks16
\uc@combtoksb=\toks17
\uc@temptokena=\toks18
)
(/usr/local/share/texlive/texmf-dist/tex/latex/geometry/geometry.sty
Package: geometry 2010/09/12 v5.6 Page Geometry

(/usr/local/share/texlive/texmf-dist/tex/latex/graphics/keyval.sty
Package: keyval 2014/10/28 v1.15 key=value parser (DPC)
\KV@toks@=\toks19
)
(/usr/local/share/texlive/texmf-dist/tex/generic/oberdiek/ifpdf.sty
Package: ifpdf 2011/01/30 v2.3 Provides the ifpdf switch (HO)
Package ifpdf Info: pdfTeX in PDF mode is not detected.
)
(/usr/local/share/texlive/texmf-dist/tex/generic/oberdiek/ifvtex.sty
Package: ifvtex 2010/03/01 v1.5 Detect VTeX and its facilities (HO)
Package ifvtex Info: VTeX not detected.
)
(/usr/local/share/texlive/texmf-dist/tex/generic/ifxetex/ifxetex.sty
Package: ifxetex 2010/09/12 v0.6 Provides ifxetex conditional
)
\Gm@cnth=\count90
\Gm@cntv=\count91
\c@Gm@tempcnt=\count92
\Gm@bindingoffset=\dimen104
\Gm@wd@mp=\dimen105
\Gm@odd@mp=\dimen106
\Gm@even@mp=\dimen107
\Gm@layoutwidth=\dimen108
\Gm@layoutheight=\dimen109
\Gm@layouthoffset=\dimen110
\Gm@layoutvoffset=\dimen111
\Gm@dimlist=\toks20
)
(/usr/local/share/texlive/texmf-dist/tex/latex/base/fontenc.sty
Package: fontenc 2005/09/27 v1.99g Standard LaTeX package

(/usr/local/share/texlive/texmf-dist/tex/cslatex/base/il2enc.def
File: il2enc.def 1997/08/20 CSLaTeX
)
LaTeX Font Info:    Try loading font information for IL2+cmr on input line 105.


(/usr/local/share/texlive/texmf-dist/tex/cslatex/base/il2cmr.fd
File: il2cmr.fd 1997/02/06 CSLaTeX font definitions
))
(/usr/local/share/texlive/texmf-dist/tex/latex/psnfss/times.sty
Package: times 2005/04/12 PSNFSS-v9.2a (SPQR) 
)
(/usr/local/share/texlive/texmf-dist/tex/latex/algorithm2e/algorithm2e.sty
Package: algorithm2e 2013/01/06 v5.00 algorithms environments
\c@AlgoLine=\count93

(/usr/local/share/texlive/texmf-dist/tex/latex/base/ifthen.sty
Package: ifthen 2014/09/29 v1.1c Standard LaTeX ifthen package (DPC)
)
\algocf@hangindent=\skip43

(/usr/local/share/texlive/texmf-dist/tex/latex/tools/xspace.sty
Package: xspace 2014/10/28 v1.13 Space after command names (DPC,MH)
)
(/usr/local/share/texlive/texmf-dist/tex/latex/relsize/relsize.sty
Package: relsize 2013/03/29 ver 4.1
)
********************************************************
Package `algorithm2e' Release 5.1 -- october 19 2015 --
- algorithm2e-announce@lirmm.fr mailing list for announcement about releases
- algorithm2e-discussion@lirmm.fr mailing list for discussion about package
subscribe by emailing sympa@lirmm.fr with 'subscribe <list> <firstname name>'
- Author: Christophe Fiorio (christophe.fiorio@umontpellier.fr)
********************************************************
\skiptotal=\skip44
\skiplinenumber=\skip45
\skiprule=\skip46
\skiphlne=\skip47
\skiptext=\skip48
\skiplength=\skip49
\algomargin=\skip50
\skipalgocfslide=\skip51
\algowidth=\dimen112
\inoutsize=\dimen113
\inoutindent=\dimen114
\interspacetitleruled=\dimen115
\interspacealgoruled=\dimen116
\interspacetitleboxruled=\dimen117
\algocf@ruledwidth=\skip52
\algocf@inoutbox=\box26
\algocf@inputbox=\box27
\AlCapSkip=\skip53
\AlCapHSkip=\skip54
\algoskipindent=\skip55
\algocf@nlbox=\box28
\algocf@hangingbox=\box29
\algocf@untilbox=\box30
\algocf@skipuntil=\skip56
\algocf@capbox=\box31
\algoheightruledefault=\skip57
\algoheightrule=\skip58
\algotitleheightruledefault=\skip59
\algotitleheightrule=\skip60
\c@algocfline=\count94
\c@algocfproc=\count95
\c@algocf=\count96
\algocf@algoframe=\box32
\algocf@algobox=\box33
) (/usr/local/share/texlive/texmf-dist/tex/latex/algorithms/algorithmic.sty
Package: algorithmic 2009/08/24 v0.1 Document Style `algorithmic'
\c@ALC@unique=\count97
\c@ALC@line=\count98
\c@ALC@rem=\count99
\c@ALC@depth=\count100
\ALC@tlm=\skip61
\algorithmicindent=\skip62
)
(/usr/local/share/texlive/texmf-dist/tex/latex/multirow/multirow.sty
\bigstrutjot=\dimen118
)
(/usr/local/share/texlive/texmf-dist/tex/latex/graphics/graphicx.sty
Package: graphicx 2014/10/28 v1.0g Enhanced LaTeX Graphics (DPC,SPQR)

(/usr/local/share/texlive/texmf-dist/tex/latex/graphics/graphics.sty
Package: graphics 2016/01/03 v1.0q Standard LaTeX Graphics (DPC,SPQR)

(/usr/local/share/texlive/texmf-dist/tex/latex/graphics/trig.sty
Package: trig 2016/01/03 v1.10 sin cos tan (DPC)
)
(/usr/local/share/texlive/texmf-dist/tex/latex/latexconfig/graphics.cfg
File: graphics.cfg 2010/04/23 v1.9 graphics configuration of TeX Live
)
Package graphics Info: Driver file: dvips.def on input line 95.

(/usr/local/share/texlive/texmf-dist/tex/latex/graphics/dvips.def
File: dvips.def 2015/12/30 v3.0k Driver-dependent file (DPC,SPQR)
))
\Gin@req@height=\dimen119
\Gin@req@width=\dimen120
)
(/usr/local/share/texlive/texmf-dist/tex/latex/oberdiek/pdflscape.sty
Package: pdflscape 2008/08/11 v0.10 Display of landscape pages in PDF (HO)

(/usr/local/share/texlive/texmf-dist/tex/latex/graphics/lscape.sty
Package: lscape 2000/10/22 v3.01 Landscape Pages (DPC)
)
Package pdflscape Info: Auto-detected driver: dvips (dvips) on input line 124.

(/usr/local/share/texlive/texmf-dist/tex/generic/oberdiek/atbegshi.sty
Package: atbegshi 2011/10/05 v1.16 At begin shipout hook (HO)

(/usr/local/share/texlive/texmf-dist/tex/generic/oberdiek/infwarerr.sty
Package: infwarerr 2010/04/08 v1.3 Providing info/warning/error messages (HO)
)
(/usr/local/share/texlive/texmf-dist/tex/generic/oberdiek/ltxcmds.sty
Package: ltxcmds 2011/11/09 v1.22 LaTeX kernel commands for general use (HO)
)))
(/usr/local/share/texlive/texmf-dist/tex/latex/marginnote/marginnote.sty
Package: marginnote 2012/03/29 v1.1i non floating margin notes for LaTeX
\c@mn@abspage=\count101
)
(/usr/local/share/texlive/texmf-dist/tex/latex/listings/listings.sty
\lst@mode=\count102
\lst@gtempboxa=\box34
\lst@token=\toks21
\lst@length=\count103
\lst@currlwidth=\dimen121
\lst@column=\count104
\lst@pos=\count105
\lst@lostspace=\dimen122
\lst@width=\dimen123
\lst@newlines=\count106
\lst@lineno=\count107
\lst@maxwidth=\dimen124

(/usr/local/share/texlive/texmf-dist/tex/latex/listings/lstmisc.sty
File: lstmisc.sty 2015/06/04 1.6 (Carsten Heinz)
\c@lstnumber=\count108
\lst@skipnumbers=\count109
\lst@framebox=\box35
)
(/usr/local/share/texlive/texmf-dist/tex/latex/listings/listings.cfg
File: listings.cfg 2015/06/04 1.6 listings configuration
))
Package: listings 2015/06/04 1.6 (Carsten Heinz)

(/usr/local/share/texlive/texmf-dist/tex/latex/pgf/frontendlayer/tikz.sty
(/usr/local/share/texlive/texmf-dist/tex/latex/pgf/basiclayer/pgf.sty
(/usr/local/share/texlive/texmf-dist/tex/latex/pgf/utilities/pgfrcs.sty
(/usr/local/share/texlive/texmf-dist/tex/generic/pgf/utilities/pgfutil-common.t
ex
\pgfutil@everybye=\toks22
\pgfutil@tempdima=\dimen125
\pgfutil@tempdimb=\dimen126

(/usr/local/share/texlive/texmf-dist/tex/generic/pgf/utilities/pgfutil-common-l
ists.tex))
(/usr/local/share/texlive/texmf-dist/tex/generic/pgf/utilities/pgfutil-latex.de
f
\pgfutil@abb=\box36
 (/usr/local/share/texlive/texmf-dist/tex/latex/ms/everyshi.sty
Package: everyshi 2001/05/15 v3.00 EveryShipout Package (MS)
))
(/usr/local/share/texlive/texmf-dist/tex/generic/pgf/utilities/pgfrcs.code.tex
Package: pgfrcs 2015/08/07 v3.0.1a (rcs-revision 1.31)
))
Package: pgf 2015/08/07 v3.0.1a (rcs-revision 1.15)
 (/usr/local/share/texlive/texmf-dist/tex/latex/pgf/basiclayer/pgfcore.sty
(/usr/local/share/texlive/texmf-dist/tex/latex/pgf/systemlayer/pgfsys.sty
(/usr/local/share/texlive/texmf-dist/tex/generic/pgf/systemlayer/pgfsys.code.te
x
Package: pgfsys 2014/07/09 v3.0.1a (rcs-revision 1.48)

(/usr/local/share/texlive/texmf-dist/tex/generic/pgf/utilities/pgfkeys.code.tex
\pgfkeys@pathtoks=\toks23
\pgfkeys@temptoks=\toks24

(/usr/local/share/texlive/texmf-dist/tex/generic/pgf/utilities/pgfkeysfiltered.
code.tex
\pgfkeys@tmptoks=\toks25
))
\pgf@x=\dimen127
\pgf@y=\dimen128
\pgf@xa=\dimen129
\pgf@ya=\dimen130
\pgf@xb=\dimen131
\pgf@yb=\dimen132
\pgf@xc=\dimen133
\pgf@yc=\dimen134
\w@pgf@writea=\write3
\r@pgf@reada=\read1
\c@pgf@counta=\count110
\c@pgf@countb=\count111
\c@pgf@countc=\count112
\c@pgf@countd=\count113
\t@pgf@toka=\toks26
\t@pgf@tokb=\toks27
\t@pgf@tokc=\toks28

(/usr/local/share/texlive/texmf-dist/tex/generic/pgf/systemlayer/pgf.cfg
File: pgf.cfg 2008/05/14  (rcs-revision 1.7)
)
Driver file for pgf: pgfsys-dvips.def

(/usr/local/share/texlive/texmf-dist/tex/generic/pgf/systemlayer/pgfsys-dvips.d
ef
File: pgfsys-dvips.def 2014/07/09  (rcs-revision 1.25)

(/usr/local/share/texlive/texmf-dist/tex/generic/pgf/systemlayer/pgfsys-common-
postscript.def
File: pgfsys-common-postscript.def 2008/10/01  (rcs-revision 1.22)
\pgf@objectcount=\count114
)))
(/usr/local/share/texlive/texmf-dist/tex/generic/pgf/systemlayer/pgfsyssoftpath
.code.tex
File: pgfsyssoftpath.code.tex 2013/09/09  (rcs-revision 1.9)
\pgfsyssoftpath@smallbuffer@items=\count115
\pgfsyssoftpath@bigbuffer@items=\count116
)
(/usr/local/share/texlive/texmf-dist/tex/generic/pgf/systemlayer/pgfsysprotocol
.code.tex
File: pgfsysprotocol.code.tex 2006/10/16  (rcs-revision 1.4)
)) (/usr/local/share/texlive/texmf-dist/tex/latex/xcolor/xcolor.sty
Package: xcolor 2007/01/21 v2.11 LaTeX color extensions (UK)

(/usr/local/share/texlive/texmf-dist/tex/latex/latexconfig/color.cfg
File: color.cfg 2007/01/18 v1.5 color configuration of teTeX/TeXLive
)
Package xcolor Info: Driver file: dvips.def on input line 225.
Package xcolor Info: Model `cmy' substituted by `cmy0' on input line 1337.
Package xcolor Info: Model `RGB' extended on input line 1353.
Package xcolor Info: Model `HTML' substituted by `rgb' on input line 1355.
Package xcolor Info: Model `Hsb' substituted by `hsb' on input line 1356.
Package xcolor Info: Model `tHsb' substituted by `hsb' on input line 1357.
Package xcolor Info: Model `HSB' substituted by `hsb' on input line 1358.
Package xcolor Info: Model `Gray' substituted by `gray' on input line 1359.
Package xcolor Info: Model `wave' substituted by `hsb' on input line 1360.
)
(/usr/local/share/texlive/texmf-dist/tex/generic/pgf/basiclayer/pgfcore.code.te
x
Package: pgfcore 2010/04/11 v3.0.1a (rcs-revision 1.7)
 (/usr/local/share/texlive/texmf-dist/tex/generic/pgf/math/pgfmath.code.tex
(/usr/local/share/texlive/texmf-dist/tex/generic/pgf/math/pgfmathcalc.code.tex
(/usr/local/share/texlive/texmf-dist/tex/generic/pgf/math/pgfmathutil.code.tex)

(/usr/local/share/texlive/texmf-dist/tex/generic/pgf/math/pgfmathparser.code.te
x
\pgfmath@dimen=\dimen135
\pgfmath@count=\count117
\pgfmath@box=\box37
\pgfmath@toks=\toks29
\pgfmath@stack@operand=\toks30
\pgfmath@stack@operation=\toks31
)
(/usr/local/share/texlive/texmf-dist/tex/generic/pgf/math/pgfmathfunctions.code
.tex
(/usr/local/share/texlive/texmf-dist/tex/generic/pgf/math/pgfmathfunctions.basi
c.code.tex)
(/usr/local/share/texlive/texmf-dist/tex/generic/pgf/math/pgfmathfunctions.trig
onometric.code.tex)
(/usr/local/share/texlive/texmf-dist/tex/generic/pgf/math/pgfmathfunctions.rand
om.code.tex)
(/usr/local/share/texlive/texmf-dist/tex/generic/pgf/math/pgfmathfunctions.comp
arison.code.tex)
(/usr/local/share/texlive/texmf-dist/tex/generic/pgf/math/pgfmathfunctions.base
.code.tex)
(/usr/local/share/texlive/texmf-dist/tex/generic/pgf/math/pgfmathfunctions.roun
d.code.tex)
(/usr/local/share/texlive/texmf-dist/tex/generic/pgf/math/pgfmathfunctions.misc
.code.tex)
(/usr/local/share/texlive/texmf-dist/tex/generic/pgf/math/pgfmathfunctions.inte
gerarithmetics.code.tex)))
(/usr/local/share/texlive/texmf-dist/tex/generic/pgf/math/pgfmathfloat.code.tex
\c@pgfmathroundto@lastzeros=\count118
))
(/usr/local/share/texlive/texmf-dist/tex/generic/pgf/basiclayer/pgfcorepoints.c
ode.tex
File: pgfcorepoints.code.tex 2013/10/07  (rcs-revision 1.27)
\pgf@picminx=\dimen136
\pgf@picmaxx=\dimen137
\pgf@picminy=\dimen138
\pgf@picmaxy=\dimen139
\pgf@pathminx=\dimen140
\pgf@pathmaxx=\dimen141
\pgf@pathminy=\dimen142
\pgf@pathmaxy=\dimen143
\pgf@xx=\dimen144
\pgf@xy=\dimen145
\pgf@yx=\dimen146
\pgf@yy=\dimen147
\pgf@zx=\dimen148
\pgf@zy=\dimen149
)
(/usr/local/share/texlive/texmf-dist/tex/generic/pgf/basiclayer/pgfcorepathcons
truct.code.tex
File: pgfcorepathconstruct.code.tex 2013/10/07  (rcs-revision 1.29)
\pgf@path@lastx=\dimen150
\pgf@path@lasty=\dimen151
)
(/usr/local/share/texlive/texmf-dist/tex/generic/pgf/basiclayer/pgfcorepathusag
e.code.tex
File: pgfcorepathusage.code.tex 2014/11/02  (rcs-revision 1.24)
\pgf@shorten@end@additional=\dimen152
\pgf@shorten@start@additional=\dimen153
)
(/usr/local/share/texlive/texmf-dist/tex/generic/pgf/basiclayer/pgfcorescopes.c
ode.tex
File: pgfcorescopes.code.tex 2015/05/08  (rcs-revision 1.46)
\pgfpic=\box38
\pgf@hbox=\box39
\pgf@layerbox@main=\box40
\pgf@picture@serial@count=\count119
)
(/usr/local/share/texlive/texmf-dist/tex/generic/pgf/basiclayer/pgfcoregraphics
tate.code.tex
File: pgfcoregraphicstate.code.tex 2014/11/02  (rcs-revision 1.12)
\pgflinewidth=\dimen154
)
(/usr/local/share/texlive/texmf-dist/tex/generic/pgf/basiclayer/pgfcoretransfor
mations.code.tex
File: pgfcoretransformations.code.tex 2015/08/07  (rcs-revision 1.20)
\pgf@pt@x=\dimen155
\pgf@pt@y=\dimen156
\pgf@pt@temp=\dimen157
)
(/usr/local/share/texlive/texmf-dist/tex/generic/pgf/basiclayer/pgfcorequick.co
de.tex
File: pgfcorequick.code.tex 2008/10/09  (rcs-revision 1.3)
)
(/usr/local/share/texlive/texmf-dist/tex/generic/pgf/basiclayer/pgfcoreobjects.
code.tex
File: pgfcoreobjects.code.tex 2006/10/11  (rcs-revision 1.2)
)
(/usr/local/share/texlive/texmf-dist/tex/generic/pgf/basiclayer/pgfcorepathproc
essing.code.tex
File: pgfcorepathprocessing.code.tex 2013/09/09  (rcs-revision 1.9)
)
(/usr/local/share/texlive/texmf-dist/tex/generic/pgf/basiclayer/pgfcorearrows.c
ode.tex
File: pgfcorearrows.code.tex 2015/05/14  (rcs-revision 1.43)
\pgfarrowsep=\dimen158
)
(/usr/local/share/texlive/texmf-dist/tex/generic/pgf/basiclayer/pgfcoreshade.co
de.tex
File: pgfcoreshade.code.tex 2013/07/15  (rcs-revision 1.15)
\pgf@max=\dimen159
\pgf@sys@shading@range@num=\count120
)
(/usr/local/share/texlive/texmf-dist/tex/generic/pgf/basiclayer/pgfcoreimage.co
de.tex
File: pgfcoreimage.code.tex 2013/07/15  (rcs-revision 1.18)

(/usr/local/share/texlive/texmf-dist/tex/generic/pgf/basiclayer/pgfcoreexternal
.code.tex
File: pgfcoreexternal.code.tex 2014/07/09  (rcs-revision 1.21)
\pgfexternal@startupbox=\box41
))
(/usr/local/share/texlive/texmf-dist/tex/generic/pgf/basiclayer/pgfcorelayers.c
ode.tex
File: pgfcorelayers.code.tex 2013/07/18  (rcs-revision 1.7)
)
(/usr/local/share/texlive/texmf-dist/tex/generic/pgf/basiclayer/pgfcoretranspar
ency.code.tex
File: pgfcoretransparency.code.tex 2013/09/30  (rcs-revision 1.5)
)
(/usr/local/share/texlive/texmf-dist/tex/generic/pgf/basiclayer/pgfcorepatterns
.code.tex
File: pgfcorepatterns.code.tex 2013/11/07  (rcs-revision 1.5)
)))
(/usr/local/share/texlive/texmf-dist/tex/generic/pgf/modules/pgfmoduleshapes.co
de.tex
File: pgfmoduleshapes.code.tex 2014/03/21  (rcs-revision 1.35)
\pgfnodeparttextbox=\box42
)
(/usr/local/share/texlive/texmf-dist/tex/generic/pgf/modules/pgfmoduleplot.code
.tex
File: pgfmoduleplot.code.tex 2015/08/03  (rcs-revision 1.13)
)
(/usr/local/share/texlive/texmf-dist/tex/latex/pgf/compatibility/pgfcomp-versio
n-0-65.sty
Package: pgfcomp-version-0-65 2007/07/03 v3.0.1a (rcs-revision 1.7)
\pgf@nodesepstart=\dimen160
\pgf@nodesepend=\dimen161
)
(/usr/local/share/texlive/texmf-dist/tex/latex/pgf/compatibility/pgfcomp-versio
n-1-18.sty
Package: pgfcomp-version-1-18 2007/07/23 v3.0.1a (rcs-revision 1.1)
))
(/usr/local/share/texlive/texmf-dist/tex/latex/pgf/utilities/pgffor.sty
(/usr/local/share/texlive/texmf-dist/tex/latex/pgf/utilities/pgfkeys.sty
(/usr/local/share/texlive/texmf-dist/tex/generic/pgf/utilities/pgfkeys.code.tex
)) (/usr/local/share/texlive/texmf-dist/tex/latex/pgf/math/pgfmath.sty
(/usr/local/share/texlive/texmf-dist/tex/generic/pgf/math/pgfmath.code.tex))
(/usr/local/share/texlive/texmf-dist/tex/generic/pgf/utilities/pgffor.code.tex
Package: pgffor 2013/12/13 v3.0.1a (rcs-revision 1.25)

(/usr/local/share/texlive/texmf-dist/tex/generic/pgf/math/pgfmath.code.tex)
\pgffor@iter=\dimen162
\pgffor@skip=\dimen163
\pgffor@stack=\toks32
\pgffor@toks=\toks33
))
(/usr/local/share/texlive/texmf-dist/tex/generic/pgf/frontendlayer/tikz/tikz.co
de.tex
Package: tikz 2015/08/07 v3.0.1a (rcs-revision 1.151)

(/usr/local/share/texlive/texmf-dist/tex/generic/pgf/libraries/pgflibraryplotha
ndlers.code.tex
File: pgflibraryplothandlers.code.tex 2013/08/31 v3.0.1a (rcs-revision 1.20)
\pgf@plot@mark@count=\count121
\pgfplotmarksize=\dimen164
)
\tikz@lastx=\dimen165
\tikz@lasty=\dimen166
\tikz@lastxsaved=\dimen167
\tikz@lastysaved=\dimen168
\tikzleveldistance=\dimen169
\tikzsiblingdistance=\dimen170
\tikz@figbox=\box43
\tikz@figbox@bg=\box44
\tikz@tempbox=\box45
\tikz@tempbox@bg=\box46
\tikztreelevel=\count122
\tikznumberofchildren=\count123
\tikznumberofcurrentchild=\count124
\tikz@fig@count=\count125

(/usr/local/share/texlive/texmf-dist/tex/generic/pgf/modules/pgfmodulematrix.co
de.tex
File: pgfmodulematrix.code.tex 2013/09/17  (rcs-revision 1.8)
\pgfmatrixcurrentrow=\count126
\pgfmatrixcurrentcolumn=\count127
\pgf@matrix@numberofcolumns=\count128
)
\tikz@expandcount=\count129

(/usr/local/share/texlive/texmf-dist/tex/generic/pgf/frontendlayer/tikz/librari
es/tikzlibrarytopaths.code.tex
File: tikzlibrarytopaths.code.tex 2008/06/17 v3.0.1a (rcs-revision 1.2)
)))
(/usr/local/share/texlive/texmf-dist/tex/latex/pict2e/pict2e.sty
Package: pict2e 2016/02/05 v0.3b Improved picture commands (HjG,RN,JT)

(/usr/local/share/texlive/texmf-dist/tex/latex/pict2e/pict2e.cfg
File: pict2e.cfg 2016/02/05 v0.1u pict2e configuration for teTeX/TeXLive
)
Package pict2e Info: Driver file: dvips.def on input line 119.
Package pict2e Info: Driver file for pict2e: p2e-dvips.def on input line 121.

(/usr/local/share/texlive/texmf-dist/tex/latex/pict2e/p2e-dvips.def
File: p2e-dvips.def 2016/02/05 v0.1u Driver-dependant file (RN,HjG,JT)
)
\pIIe@GRAPH=\toks34
\@arclen=\dimen171
\@arcrad=\dimen172
\@tempdimd=\dimen173
)
(./proj3.aux)
\openout1 = `proj3.aux'.

LaTeX Font Info:    Checking defaults for OML/cmm/m/it on input line 18.
LaTeX Font Info:    ... okay on input line 18.
LaTeX Font Info:    Checking defaults for T1/cmr/m/n on input line 18.
LaTeX Font Info:    ... okay on input line 18.
LaTeX Font Info:    Checking defaults for OT1/cmr/m/n on input line 18.
LaTeX Font Info:    ... okay on input line 18.
LaTeX Font Info:    Checking defaults for OMS/cmsy/m/n on input line 18.
LaTeX Font Info:    ... okay on input line 18.
LaTeX Font Info:    Checking defaults for OMX/cmex/m/n on input line 18.
LaTeX Font Info:    ... okay on input line 18.
LaTeX Font Info:    Checking defaults for U/cmr/m/n on input line 18.
LaTeX Font Info:    ... okay on input line 18.
LaTeX Font Info:    Checking defaults for IL2/cmr/m/n on input line 18.
LaTeX Font Info:    ... okay on input line 18.
LaTeX Font Info:    Try loading font information for IL2+ptm on input line 18.

(/usr/local/share/texlive/texmf-dist/tex/cslatex/cspsfonts/il2ptm.fd
File: il2ptm.fd 1998/01/31 CS Times
LaTeX Font Info:     CS Times on input line 2.
LaTeX Font Info:    (C) Z. Wagner,1998/01/31 on input line 3.
LaTeX Font Info:    Created by CsPsFont utility v.1.0e (C) Z. Wagner, 1998/01/3
1 on input line 4.
)
(/usr/local/share/texlive/texmf-dist/tex/latex/ucs/ucsencs.def
File: ucsencs.def 2011/01/21 Fixes to fontencodings LGR, T3
)
*geometry* driver: auto-detecting
*geometry* detected driver: dvips
*geometry* verbose mode - [ preamble ] result:
* driver: dvips
* paper: a4paper
* layout: <same size as paper>
* layoutoffset:(h,v)=(0.0pt,0.0pt)
* modes: 
* h-part:(L,W,R)=(56.9055pt, 483.69684pt, 56.90553pt)
* v-part:(T,H,B)=(85.35826pt, 682.86613pt, 76.82245pt)
* \paperwidth=597.50787pt
* \paperheight=845.04684pt
* \textwidth=483.69684pt
* \textheight=682.86613pt
* \oddsidemargin=-15.36449pt
* \evensidemargin=-15.36449pt
* \topmargin=-23.91173pt
* \headheight=12.0pt
* \headsep=25.0pt
* \topskip=11.0pt
* \footskip=30.0pt
* \marginparwidth=50.0pt
* \marginparsep=10.0pt
* \columnsep=10.0pt
* \skip\footins=10.0pt plus 4.0pt minus 2.0pt
* \hoffset=0.0pt
* \voffset=0.0pt
* \mag=1000
* \@twocolumnfalse
* \@twosidefalse
* \@mparswitchfalse
* \@reversemarginfalse
* (1in=72.27pt=25.4mm, 1cm=28.453pt)

\AtBeginShipoutBox=\box47
Package marginnote Info: \pdfoutput not 0 and \pdflastxpos available.
(marginnote)             Extended position detection mode activated.
\c@lstlisting=\count130
ABD: EveryShipout initializing macros
(/usr/local/share/texlive/texmf-dist/tex/latex/ucs/data/uni-0.def
File: uni-0.def 2013/05/13 UCS: Unicode data U+0000..U+00FF
)
(/usr/local/share/texlive/texmf-dist/tex/latex/ucs/data/uni-1.def
File: uni-1.def 2013/05/13 UCS: Unicode data U+0100..U+01FF
) [1

]
LaTeX Font Info:    Try loading font information for IL2+pcr on input line 43.

(/usr/local/share/texlive/texmf-dist/tex/cslatex/cspsfonts/il2pcr.fd
File: il2pcr.fd 1998/01/31 CS Courier
LaTeX Font Info:     CS Courier on input line 2.
LaTeX Font Info:    (C) Z. Wagner,1998/01/31 on input line 3.
LaTeX Font Info:    Created by CsPsFont utility v.1.0e (C) Z. Wagner, 1998/01/3
1 on input line 4.
)
LaTeX Font Info:    External font `cmex10' loaded for size
(Font)              <10.95> on input line 66.
LaTeX Font Info:    External font `cmex10' loaded for size
(Font)              <8> on input line 66.
LaTeX Font Info:    External font `cmex10' loaded for size
(Font)              <6> on input line 66.
LaTeX Font Info:    External font `cmex10' loaded for size
(Font)              <9> on input line 66.
LaTeX Font Info:    External font `cmex10' loaded for size
(Font)              <5> on input line 66.

Overfull \hbox (17.0pt too wide) detected at line 173
[][] 
 []

[1]
File: etiopan.eps Graphic file (type eps)
 <etiopan.eps>
File: etiopan.eps Graphic file (type eps)
 <etiopan.eps> [2]
File: oniisan.eps Graphic file (type eps)
 <oniisan.eps>
File: oniisan2.eps Graphic file (type eps)
 <oniisan2.eps> [3] [4

]
(./proj3.aux) )
(\end occurred inside a group at level 1)

### simple group (level 1) entered at line 1061 ({)
### bottom level 
Here is how much of TeX's memory you used:
 16094 strings out of 493028
 296030 string characters out of 6131389
 370155 words of memory out of 5000000
 19340 multiletter control sequences out of 15000+600000
 30042 words of font info for 44 fonts, out of 8000000 for 9000
 1141 hyphenation exceptions out of 8191
 55i,11n,54p,542b,11822s stack positions out of 5000i,500n,10000p,200000b,80000s

Output written on proj3.dvi (5 pages, 21480 bytes).
